This is pdfTeX, Version 3.14159265-2.6-1.40.21 (MiKTeX 2.9.7380 64-bit) (preloaded format=pdflatex 2021.2.4)  27 APR 2021 22:20
entering extended mode
**"d:/Habib/04.Sophomore-Spring2021/Probability/Probab_Project/Project_Final/hr05940-tm06183-ii06178-tex/Project Documentation.tex"
("d:/Habib/04.Sophomore-Spring2021/Probability/Probab_Project/Project_Final/hr05940-tm06183-ii06178-tex/Project Documentation.tex"
LaTeX2e <2020-02-02> patch level 5
L3 programming layer <2020-03-06> ("C:\Users\tas18\AppData\Local\Programs\MiKTeX 2.9\tex/latex/exam\exam.cls"
Document Class: exam 2017/12/17 Version 2.603 by Philip Hirschhorn
("C:\Users\tas18\AppData\Local\Programs\MiKTeX 2.9\tex/latex/base\ifthen.sty"
Package: ifthen 2014/09/29 v1.1c Standard LaTeX ifthen package (DPC)
) ("C:\Users\tas18\AppData\Local\Programs\MiKTeX 2.9\tex/latex/base\article.cls"
Document Class: article 2019/12/20 v1.4l Standard LaTeX document class
("C:\Users\tas18\AppData\Local\Programs\MiKTeX 2.9\tex/latex/base\size10.clo"
File: size10.clo 2019/12/20 v1.4l Standard LaTeX file (size option)
)
\c@part=\count167
\c@section=\count168
\c@subsection=\count169
\c@subsubsection=\count170
\c@paragraph=\count171
\c@subparagraph=\count172
\c@figure=\count173
\c@table=\count174
\abovecaptionskip=\skip47
\belowcaptionskip=\skip48
\bibindent=\dimen134
)
\@extrawidth=\skip49
\@rightmargin=\skip50
\@extrahead=\skip51
\@extrafoot=\skip52
\run@exhd=\skip53
\fp@exhd=\skip54
\run@exft=\skip55
\fp@exft=\skip56
\covrun@exhd=\skip57
\covfp@exhd=\skip58
\covrun@exft=\skip59
\covfp@exft=\skip60
\c@num@coverpages=\count175
\c@latest@ques=\count176
\c@ques@end=\count177
\c@last@object=\count178
\c@incmp@ques=\count179
\c@next@ques=\count180
\c@next@page=\count181
\c@tmp@hlfcntr=\count182
\c@ifpos@cntr=\count183
\c@question=\count184
\c@partno=\count185
\c@subpart=\count186
\c@subsubpart=\count187
\c@choice=\count188
\c@numpoints=\count189
\c@numbonuspoints=\count190
\c@pointsof@thisquestion=\count191
\c@bonuspointsof@thisquestion=\count192
\c@numquestions=\count193
\c@numparts=\count194
\c@numsubparts=\count195
\c@numsubsubparts=\count196
\c@Curr@Page=\count197
\c@@pagepoints=\count198
\c@@pagebonuspoints=\count199
\c@pageof@pagepoints=\count266
\c@pageof@pagebonuspoints=\count267
\c@latest@points=\count268
\c@latest@bonuspoints=\count269
\pageinfo@commands=\toks15
\temp@toks=\toks16
\pagepoint@commands=\toks17
\point@toks=\toks18
\c@ques@object=\count270
\marginpointssep=\skip61
\rightpointsmargin=\skip62
\choice@toks=\toks19
\answerlinelength=\skip63
\answerskip=\skip64
\answerclearance=\skip65
\fillinlinelength=\skip66
\linefillheight=\skip67
\linefillthickness=\skip68
\dottedlinefillheight=\skip69
\gridsize=\skip70
\gridlinewidth=\skip71
\minboxheight=\skip72
\c@@iterator=\count271
\@cellwidth=\skip73
\c@tbl@points=\count272
\c@tbl@bonuspoints=\count273
\c@pq@index=\count274
\c@pq@index@pts=\count275
\c@pq@index@bpts=\count276
\c@num@cols=\count277
\c@num@rows=\count278
\c@current@row=\count279
\c@cols@done=\count280
\exam@box=\box45
\saved@totalleftmargin=\dimen135
\@sollistdepth=\count281
\exam@FrameRule=\dimen136
\exam@FrameSep=\dimen137
) ("C:\Users\tas18\AppData\Local\Programs\MiKTeX 2.9\tex/generic/babel\babel.sty"
Package: babel 2020/03/22 3.42 The Babel package
 ("C:\Users\tas18\AppData\Local\Programs\MiKTeX 2.9\tex/generic/babel\switch.def"
File: switch.def 2020/03/22 3.42 Babel switching mechanism
)
*************************************
* Local config file bblopts.cfg used
*
("C:\Users\tas18\AppData\Local\Programs\MiKTeX 2.9\tex/latex/arabi\bblopts.cfg"
File: bblopts.cfg 2005/09/08 v0.1 add Arabic and Farsi to "declared" options of babel
) ("C:\Users\tas18\AppData\Local\Programs\MiKTeX 2.9\tex/latex/babel-english\english.ldf"
Language: english 2017/06/06 v3.3r English support from the babel system
 ("C:\Users\tas18\AppData\Local\Programs\MiKTeX 2.9\tex/generic/babel\babel.def"
File: babel.def 2020/03/22 3.42 Babel common definitions
\babel@savecnt=\count282
\U@D=\dimen138
 ("C:\Users\tas18\AppData\Local\Programs\MiKTeX 2.9\tex/generic/babel\txtbabel.def")
\bbl@readstream=\read2
\bbl@dirlevel=\count283
)
Package babel Info: \l@canadian = using hyphenrules for english
(babel)             (\language0) on input line 102.
Package babel Info: \l@australian = using hyphenrules for ukenglish
(babel)             (\language76) on input line 105.
Package babel Info: \l@newzealand = using hyphenrules for ukenglish
(babel)             (\language76) on input line 108.
)) ("C:\Users\tas18\AppData\Local\Programs\MiKTeX 2.9\tex/latex/base\inputenc.sty"
Package: inputenc 2018/08/11 v1.3c Input encoding file
\inpenc@prehook=\toks20
\inpenc@posthook=\toks21
 ("C:\Users\tas18\AppData\Local\Programs\MiKTeX 2.9\tex/latex/ucs\utf8x.def"
File: utf8x.def 2004/10/17 UCS: Input encoding UTF-8
)) ("C:\Users\tas18\AppData\Local\Programs\MiKTeX 2.9\tex/latex/ucs\ucs.sty"
Package: ucs 2013/05/11 v2.2 UCS: Unicode input support
 ("C:\Users\tas18\AppData\Local\Programs\MiKTeX 2.9\tex/latex/ucs\uni-global.def"
File: uni-global.def 2013/05/13 UCS: Unicode global data
)
\uc@secondtry=\count284
\uc@combtoks=\toks22
\uc@combtoksb=\toks23
\uc@temptokena=\toks24
) ("C:\Users\tas18\AppData\Local\Programs\MiKTeX 2.9\tex/latex/base\fontenc.sty"
Package: fontenc 2020/02/11 v2.0o Standard LaTeX package
) ("C:\Users\tas18\AppData\Local\Programs\MiKTeX 2.9\tex/latex/geometry\geometry.sty"
Package: geometry 2020/01/02 v5.9 Page Geometry
 ("C:\Users\tas18\AppData\Local\Programs\MiKTeX 2.9\tex/latex/graphics\keyval.sty"
Package: keyval 2014/10/28 v1.15 key=value parser (DPC)
\KV@toks@=\toks25
) ("C:\Users\tas18\AppData\Local\Programs\MiKTeX 2.9\tex/generic/iftex\ifvtex.sty"
Package: ifvtex 2019/10/25 v1.7 ifvtex legacy package. Use iftex instead.
 ("C:\Users\tas18\AppData\Local\Programs\MiKTeX 2.9\tex/generic/iftex\iftex.sty"
Package: iftex 2020/03/06 v1.0d TeX engine tests
))
\Gm@cnth=\count285
\Gm@cntv=\count286
\c@Gm@tempcnt=\count287
\Gm@bindingoffset=\dimen139
\Gm@wd@mp=\dimen140
\Gm@odd@mp=\dimen141
\Gm@even@mp=\dimen142
\Gm@layoutwidth=\dimen143
\Gm@layoutheight=\dimen144
\Gm@layouthoffset=\dimen145
\Gm@layoutvoffset=\dimen146
\Gm@dimlist=\toks26
 ("C:\Users\tas18\AppData\Local\Programs\MiKTeX 2.9\tex/latex/geometry\geometry.cfg")) ("C:\Users\tas18\AppData\Local\Programs\MiKTeX 2.9\tex/latex/caption\caption.sty"
Package: caption 2020/01/03 v3.4h Customizing captions (AR)
 ("C:\Users\tas18\AppData\Local\Programs\MiKTeX 2.9\tex/latex/caption\caption3.sty"
Package: caption3 2020/01/03 v1.8h caption3 kernel (AR)
Package caption3 Info: TeX engine: e-TeX on input line 61.
\captionmargin=\dimen147
\captionmargin@=\dimen148
\captionwidth=\dimen149
\caption@tempdima=\dimen150
\caption@indent=\dimen151
\caption@parindent=\dimen152
\caption@hangindent=\dimen153
Package caption Info: Standard document class detected.
)
\c@caption@flags=\count288
\c@continuedfloat=\count289
) ("C:\Users\tas18\AppData\Local\Programs\MiKTeX 2.9\tex/latex/amsmath\amsmath.sty"
Package: amsmath 2020/01/20 v2.17e AMS math features
\@mathmargin=\skip74

For additional information on amsmath, use the `?' option.
("C:\Users\tas18\AppData\Local\Programs\MiKTeX 2.9\tex/latex/amsmath\amstext.sty"
Package: amstext 2000/06/29 v2.01 AMS text
 ("C:\Users\tas18\AppData\Local\Programs\MiKTeX 2.9\tex/latex/amsmath\amsgen.sty"
File: amsgen.sty 1999/11/30 v2.0 generic functions
\@emptytoks=\toks27
\ex@=\dimen154
)) ("C:\Users\tas18\AppData\Local\Programs\MiKTeX 2.9\tex/latex/amsmath\amsbsy.sty"
Package: amsbsy 1999/11/29 v1.2d Bold Symbols
\pmbraise@=\dimen155
) ("C:\Users\tas18\AppData\Local\Programs\MiKTeX 2.9\tex/latex/amsmath\amsopn.sty"
Package: amsopn 2016/03/08 v2.02 operator names
)
\inf@bad=\count290
LaTeX Info: Redefining \frac on input line 227.
\uproot@=\count291
\leftroot@=\count292
LaTeX Info: Redefining \overline on input line 389.
\classnum@=\count293
\DOTSCASE@=\count294
LaTeX Info: Redefining \ldots on input line 486.
LaTeX Info: Redefining \dots on input line 489.
LaTeX Info: Redefining \cdots on input line 610.
\Mathstrutbox@=\box46
\strutbox@=\box47
\big@size=\dimen156
LaTeX Font Info:    Redeclaring font encoding OML on input line 733.
LaTeX Font Info:    Redeclaring font encoding OMS on input line 734.
\macc@depth=\count295
\c@MaxMatrixCols=\count296
\dotsspace@=\muskip16
\c@parentequation=\count297
\dspbrk@lvl=\count298
\tag@help=\toks28
\row@=\count299
\column@=\count300
\maxfields@=\count301
\andhelp@=\toks29
\eqnshift@=\dimen157
\alignsep@=\dimen158
\tagshift@=\dimen159
\tagwidth@=\dimen160
\totwidth@=\dimen161
\lineht@=\dimen162
\@envbody=\toks30
\multlinegap=\skip75
\multlinetaggap=\skip76
\mathdisplay@stack=\toks31
LaTeX Info: Redefining \[ on input line 2859.
LaTeX Info: Redefining \] on input line 2860.
) ("C:\Users\tas18\AppData\Local\Programs\MiKTeX 2.9\tex/latex/amsfonts\amssymb.sty"
Package: amssymb 2013/01/14 v3.01 AMS font symbols
 ("C:\Users\tas18\AppData\Local\Programs\MiKTeX 2.9\tex/latex/amsfonts\amsfonts.sty"
Package: amsfonts 2013/01/14 v3.01 Basic AMSFonts support
\symAMSa=\mathgroup4
\symAMSb=\mathgroup5
LaTeX Font Info:    Redeclaring math symbol \hbar on input line 98.
LaTeX Font Info:    Overwriting math alphabet `\mathfrak' in version `bold'
(Font)                  U/euf/m/n --> U/euf/b/n on input line 106.
)) ("C:\Users\tas18\AppData\Local\Programs\MiKTeX 2.9\tex/latex/graphics\graphicx.sty"
Package: graphicx 2019/11/30 v1.2a Enhanced LaTeX Graphics (DPC,SPQR)
 ("C:\Users\tas18\AppData\Local\Programs\MiKTeX 2.9\tex/latex/graphics\graphics.sty"
Package: graphics 2019/11/30 v1.4a Standard LaTeX Graphics (DPC,SPQR)
 ("C:\Users\tas18\AppData\Local\Programs\MiKTeX 2.9\tex/latex/graphics\trig.sty"
Package: trig 2016/01/03 v1.10 sin cos tan (DPC)
) ("C:\Users\tas18\AppData\Local\Programs\MiKTeX 2.9\tex/latex/graphics-cfg\graphics.cfg"
File: graphics.cfg 2016/06/04 v1.11 sample graphics configuration
)
Package graphics Info: Driver file: pdftex.def on input line 105.
 ("C:\Users\tas18\AppData\Local\Programs\MiKTeX 2.9\tex/latex/graphics-def\pdftex.def"
File: pdftex.def 2018/01/08 v1.0l Graphics/color driver for pdftex
))
\Gin@req@height=\dimen163
\Gin@req@width=\dimen164
) ("C:\Users\tas18\AppData\Local\Programs\MiKTeX 2.9\tex/latex/paralist\paralist.sty"
Package: paralist 2017/01/22 v2.7 Extended list environments
\pltopsep=\skip77
\plpartopsep=\skip78
\plitemsep=\skip79
\plparsep=\skip80
\pl@lab=\toks32
) ("C:\Users\tas18\AppData\Local\Programs\MiKTeX 2.9\tex/latex/framed\framed.sty"
Package: framed 2011/10/22 v 0.96: framed or shaded text with page breaks
\OuterFrameSep=\skip81
\fb@frw=\dimen165
\fb@frh=\dimen166
\FrameRule=\dimen167
\FrameSep=\dimen168
) ("C:\Users\tas18\AppData\Local\Programs\MiKTeX 2.9\tex/latex/pgf/frontendlayer\tikz.sty" ("C:\Users\tas18\AppData\Local\Programs\MiKTeX 2.9\tex/latex/pgf/basiclayer\pgf.sty" ("C:\Users\tas18\AppData\Local\Programs\MiKTeX 2.9\tex/latex/pgf/utilities\pgfrcs.sty" ("C:\Users\tas18\AppData\Local\Programs\MiKTeX 2.9\tex/generic/pgf/utilities\pgfutil-common.tex"
\pgfutil@everybye=\toks33
\pgfutil@tempdima=\dimen169
\pgfutil@tempdimb=\dimen170
 ("C:\Users\tas18\AppData\Local\Programs\MiKTeX 2.9\tex/generic/pgf/utilities\pgfutil-common-lists.tex")) ("C:\Users\tas18\AppData\Local\Programs\MiKTeX 2.9\tex/generic/pgf/utilities\pgfutil-latex.def"
\pgfutil@abb=\box48
 ("C:\Users\tas18\AppData\Local\Programs\MiKTeX 2.9\tex/latex/ms\everyshi.sty"
Package: everyshi 2001/05/15 v3.00 EveryShipout Package (MS)
)) ("C:\Users\tas18\AppData\Local\Programs\MiKTeX 2.9\tex/generic/pgf/utilities\pgfrcs.code.tex" ("C:\Users\tas18\AppData\Local\Programs\MiKTeX 2.9\tex/generic/pgf\pgf.revision.tex")
Package: pgfrcs 2020/01/08 v3.1.5b (3.1.5b)
))
Package: pgf 2020/01/08 v3.1.5b (3.1.5b)
 ("C:\Users\tas18\AppData\Local\Programs\MiKTeX 2.9\tex/latex/pgf/basiclayer\pgfcore.sty" ("C:\Users\tas18\AppData\Local\Programs\MiKTeX 2.9\tex/latex/pgf/systemlayer\pgfsys.sty" ("C:\Users\tas18\AppData\Local\Programs\MiKTeX 2.9\tex/generic/pgf/systemlayer\pgfsys.code.tex"
Package: pgfsys 2020/01/08 v3.1.5b (3.1.5b)
 ("C:\Users\tas18\AppData\Local\Programs\MiKTeX 2.9\tex/generic/pgf/utilities\pgfkeys.code.tex"
\pgfkeys@pathtoks=\toks34
\pgfkeys@temptoks=\toks35
 ("C:\Users\tas18\AppData\Local\Programs\MiKTeX 2.9\tex/generic/pgf/utilities\pgfkeysfiltered.code.tex"
\pgfkeys@tmptoks=\toks36
))
\pgf@x=\dimen171
\pgf@y=\dimen172
\pgf@xa=\dimen173
\pgf@ya=\dimen174
\pgf@xb=\dimen175
\pgf@yb=\dimen176
\pgf@xc=\dimen177
\pgf@yc=\dimen178
\pgf@xd=\dimen179
\pgf@yd=\dimen180
\w@pgf@writea=\write3
\r@pgf@reada=\read3
\c@pgf@counta=\count302
\c@pgf@countb=\count303
\c@pgf@countc=\count304
\c@pgf@countd=\count305
\t@pgf@toka=\toks37
\t@pgf@tokb=\toks38
\t@pgf@tokc=\toks39
\pgf@sys@id@count=\count306
 ("C:\Users\tas18\AppData\Local\Programs\MiKTeX 2.9\tex/generic/pgf/systemlayer\pgf.cfg"
File: pgf.cfg 2020/01/08 v3.1.5b (3.1.5b)
)
Driver file for pgf: pgfsys-pdftex.def
 ("C:\Users\tas18\AppData\Local\Programs\MiKTeX 2.9\tex/generic/pgf/systemlayer\pgfsys-pdftex.def"
File: pgfsys-pdftex.def 2020/01/08 v3.1.5b (3.1.5b)
 ("C:\Users\tas18\AppData\Local\Programs\MiKTeX 2.9\tex/generic/pgf/systemlayer\pgfsys-common-pdf.def"
File: pgfsys-common-pdf.def 2020/01/08 v3.1.5b (3.1.5b)
))) ("C:\Users\tas18\AppData\Local\Programs\MiKTeX 2.9\tex/generic/pgf/systemlayer\pgfsyssoftpath.code.tex"
File: pgfsyssoftpath.code.tex 2020/01/08 v3.1.5b (3.1.5b)
\pgfsyssoftpath@smallbuffer@items=\count307
\pgfsyssoftpath@bigbuffer@items=\count308
) ("C:\Users\tas18\AppData\Local\Programs\MiKTeX 2.9\tex/generic/pgf/systemlayer\pgfsysprotocol.code.tex"
File: pgfsysprotocol.code.tex 2020/01/08 v3.1.5b (3.1.5b)
)) ("C:\Users\tas18\AppData\Local\Programs\MiKTeX 2.9\tex/latex/xcolor\xcolor.sty"
Package: xcolor 2016/05/11 v2.12 LaTeX color extensions (UK)
 ("C:\Users\tas18\AppData\Local\Programs\MiKTeX 2.9\tex/latex/graphics-cfg\color.cfg"
File: color.cfg 2016/01/02 v1.6 sample color configuration
)
Package xcolor Info: Driver file: pdftex.def on input line 225.
Package xcolor Info: Model `cmy' substituted by `cmy0' on input line 1348.
Package xcolor Info: Model `hsb' substituted by `rgb' on input line 1352.
Package xcolor Info: Model `RGB' extended on input line 1364.
Package xcolor Info: Model `HTML' substituted by `rgb' on input line 1366.
Package xcolor Info: Model `Hsb' substituted by `hsb' on input line 1367.
Package xcolor Info: Model `tHsb' substituted by `hsb' on input line 1368.
Package xcolor Info: Model `HSB' substituted by `hsb' on input line 1369.
Package xcolor Info: Model `Gray' substituted by `gray' on input line 1370.
Package xcolor Info: Model `wave' substituted by `hsb' on input line 1371.
) ("C:\Users\tas18\AppData\Local\Programs\MiKTeX 2.9\tex/generic/pgf/basiclayer\pgfcore.code.tex"
Package: pgfcore 2020/01/08 v3.1.5b (3.1.5b)
 ("C:\Users\tas18\AppData\Local\Programs\MiKTeX 2.9\tex/generic/pgf/math\pgfmath.code.tex" ("C:\Users\tas18\AppData\Local\Programs\MiKTeX 2.9\tex/generic/pgf/math\pgfmathcalc.code.tex" ("C:\Users\tas18\AppData\Local\Programs\MiKTeX 2.9\tex/generic/pgf/math\pgfmathutil.code.tex") ("C:\Users\tas18\AppData\Local\Programs\MiKTeX 2.9\tex/generic/pgf/math\pgfmathparser.code.tex"
\pgfmath@dimen=\dimen181
\pgfmath@count=\count309
\pgfmath@box=\box49
\pgfmath@toks=\toks40
\pgfmath@stack@operand=\toks41
\pgfmath@stack@operation=\toks42
) ("C:\Users\tas18\AppData\Local\Programs\MiKTeX 2.9\tex/generic/pgf/math\pgfmathfunctions.code.tex" ("C:\Users\tas18\AppData\Local\Programs\MiKTeX 2.9\tex/generic/pgf/math\pgfmathfunctions.basic.code.tex") ("C:\Users\tas18\AppData\Local\Programs\MiKTeX 2.9\tex/generic/pgf/math\pgfmathfunctions.trigonometric.code.tex") ("C:\Users\tas18\AppData\Local\Programs\MiKTeX 2.9\tex/generic/pgf/math\pgfmathfunctions.random.code.tex") ("C:\Users\tas18\AppData\Local\Programs\MiKTeX 2.9\tex/generic/pgf/math\pgfmathfunctions.comparison.code.tex") ("C:\Users\tas18\AppData\Local\Programs\MiKTeX 2.9\tex/generic/pgf/math\pgfmathfunctions.base.code.tex") ("C:\Users\tas18\AppData\Local\Programs\MiKTeX 2.9\tex/generic/pgf/math\pgfmathfunctions.round.code.tex") ("C:\Users\tas18\AppData\Local\Programs\MiKTeX 2.9\tex/generic/pgf/math\pgfmathfunctions.misc.code.tex") ("C:\Users\tas18\AppData\Local\Programs\MiKTeX 2.9\tex/generic/pgf/math\pgfmathfunctions.integerarithmetics.code.tex"))) ("C:\Users\tas18\AppData\Local\Programs\MiKTeX 2.9\tex/generic/pgf/math\pgfmathfloat.code.tex"
\c@pgfmathroundto@lastzeros=\count310
)) ("C:\Users\tas18\AppData\Local\Programs\MiKTeX 2.9\tex/generic/pgf/math\pgfint.code.tex") ("C:\Users\tas18\AppData\Local\Programs\MiKTeX 2.9\tex/generic/pgf/basiclayer\pgfcorepoints.code.tex"
File: pgfcorepoints.code.tex 2020/01/08 v3.1.5b (3.1.5b)
\pgf@picminx=\dimen182
\pgf@picmaxx=\dimen183
\pgf@picminy=\dimen184
\pgf@picmaxy=\dimen185
\pgf@pathminx=\dimen186
\pgf@pathmaxx=\dimen187
\pgf@pathminy=\dimen188
\pgf@pathmaxy=\dimen189
\pgf@xx=\dimen190
\pgf@xy=\dimen191
\pgf@yx=\dimen192
\pgf@yy=\dimen193
\pgf@zx=\dimen194
\pgf@zy=\dimen195
) ("C:\Users\tas18\AppData\Local\Programs\MiKTeX 2.9\tex/generic/pgf/basiclayer\pgfcorepathconstruct.code.tex"
File: pgfcorepathconstruct.code.tex 2020/01/08 v3.1.5b (3.1.5b)
\pgf@path@lastx=\dimen196
\pgf@path@lasty=\dimen197
) ("C:\Users\tas18\AppData\Local\Programs\MiKTeX 2.9\tex/generic/pgf/basiclayer\pgfcorepathusage.code.tex"
File: pgfcorepathusage.code.tex 2020/01/08 v3.1.5b (3.1.5b)
\pgf@shorten@end@additional=\dimen198
\pgf@shorten@start@additional=\dimen199
) ("C:\Users\tas18\AppData\Local\Programs\MiKTeX 2.9\tex/generic/pgf/basiclayer\pgfcorescopes.code.tex"
File: pgfcorescopes.code.tex 2020/01/08 v3.1.5b (3.1.5b)
\pgfpic=\box50
\pgf@hbox=\box51
\pgf@layerbox@main=\box52
\pgf@picture@serial@count=\count311
) ("C:\Users\tas18\AppData\Local\Programs\MiKTeX 2.9\tex/generic/pgf/basiclayer\pgfcoregraphicstate.code.tex"
File: pgfcoregraphicstate.code.tex 2020/01/08 v3.1.5b (3.1.5b)
\pgflinewidth=\dimen256
) ("C:\Users\tas18\AppData\Local\Programs\MiKTeX 2.9\tex/generic/pgf/basiclayer\pgfcoretransformations.code.tex"
File: pgfcoretransformations.code.tex 2020/01/08 v3.1.5b (3.1.5b)
\pgf@pt@x=\dimen257
\pgf@pt@y=\dimen258
\pgf@pt@temp=\dimen259
) ("C:\Users\tas18\AppData\Local\Programs\MiKTeX 2.9\tex/generic/pgf/basiclayer\pgfcorequick.code.tex"
File: pgfcorequick.code.tex 2020/01/08 v3.1.5b (3.1.5b)
) ("C:\Users\tas18\AppData\Local\Programs\MiKTeX 2.9\tex/generic/pgf/basiclayer\pgfcoreobjects.code.tex"
File: pgfcoreobjects.code.tex 2020/01/08 v3.1.5b (3.1.5b)
) ("C:\Users\tas18\AppData\Local\Programs\MiKTeX 2.9\tex/generic/pgf/basiclayer\pgfcorepathprocessing.code.tex"
File: pgfcorepathprocessing.code.tex 2020/01/08 v3.1.5b (3.1.5b)
) ("C:\Users\tas18\AppData\Local\Programs\MiKTeX 2.9\tex/generic/pgf/basiclayer\pgfcorearrows.code.tex"
File: pgfcorearrows.code.tex 2020/01/08 v3.1.5b (3.1.5b)
\pgfarrowsep=\dimen260
) ("C:\Users\tas18\AppData\Local\Programs\MiKTeX 2.9\tex/generic/pgf/basiclayer\pgfcoreshade.code.tex"
File: pgfcoreshade.code.tex 2020/01/08 v3.1.5b (3.1.5b)
\pgf@max=\dimen261
\pgf@sys@shading@range@num=\count312
\pgf@shadingcount=\count313
) ("C:\Users\tas18\AppData\Local\Programs\MiKTeX 2.9\tex/generic/pgf/basiclayer\pgfcoreimage.code.tex"
File: pgfcoreimage.code.tex 2020/01/08 v3.1.5b (3.1.5b)
 ("C:\Users\tas18\AppData\Local\Programs\MiKTeX 2.9\tex/generic/pgf/basiclayer\pgfcoreexternal.code.tex"
File: pgfcoreexternal.code.tex 2020/01/08 v3.1.5b (3.1.5b)
\pgfexternal@startupbox=\box53
)) ("C:\Users\tas18\AppData\Local\Programs\MiKTeX 2.9\tex/generic/pgf/basiclayer\pgfcorelayers.code.tex"
File: pgfcorelayers.code.tex 2020/01/08 v3.1.5b (3.1.5b)
) ("C:\Users\tas18\AppData\Local\Programs\MiKTeX 2.9\tex/generic/pgf/basiclayer\pgfcoretransparency.code.tex"
File: pgfcoretransparency.code.tex 2020/01/08 v3.1.5b (3.1.5b)
) ("C:\Users\tas18\AppData\Local\Programs\MiKTeX 2.9\tex/generic/pgf/basiclayer\pgfcorepatterns.code.tex"
File: pgfcorepatterns.code.tex 2020/01/08 v3.1.5b (3.1.5b)
) ("C:\Users\tas18\AppData\Local\Programs\MiKTeX 2.9\tex/generic/pgf/basiclayer\pgfcorerdf.code.tex"
File: pgfcorerdf.code.tex 2020/01/08 v3.1.5b (3.1.5b)
))) ("C:\Users\tas18\AppData\Local\Programs\MiKTeX 2.9\tex/generic/pgf/modules\pgfmoduleshapes.code.tex"
File: pgfmoduleshapes.code.tex 2020/01/08 v3.1.5b (3.1.5b)
\pgfnodeparttextbox=\box54
) ("C:\Users\tas18\AppData\Local\Programs\MiKTeX 2.9\tex/generic/pgf/modules\pgfmoduleplot.code.tex"
File: pgfmoduleplot.code.tex 2020/01/08 v3.1.5b (3.1.5b)
) ("C:\Users\tas18\AppData\Local\Programs\MiKTeX 2.9\tex/latex/pgf/compatibility\pgfcomp-version-0-65.sty"
Package: pgfcomp-version-0-65 2020/01/08 v3.1.5b (3.1.5b)
\pgf@nodesepstart=\dimen262
\pgf@nodesepend=\dimen263
) ("C:\Users\tas18\AppData\Local\Programs\MiKTeX 2.9\tex/latex/pgf/compatibility\pgfcomp-version-1-18.sty"
Package: pgfcomp-version-1-18 2020/01/08 v3.1.5b (3.1.5b)
)) ("C:\Users\tas18\AppData\Local\Programs\MiKTeX 2.9\tex/latex/pgf/utilities\pgffor.sty" ("C:\Users\tas18\AppData\Local\Programs\MiKTeX 2.9\tex/latex/pgf/utilities\pgfkeys.sty" ("C:\Users\tas18\AppData\Local\Programs\MiKTeX 2.9\tex/generic/pgf/utilities\pgfkeys.code.tex")) ("C:\Users\tas18\AppData\Local\Programs\MiKTeX 2.9\tex/latex/pgf/math\pgfmath.sty" ("C:\Users\tas18\AppData\Local\Programs\MiKTeX 2.9\tex/generic/pgf/math\pgfmath.code.tex")) ("C:\Users\tas18\AppData\Local\Programs\MiKTeX 2.9\tex/generic/pgf/utilities\pgffor.code.tex"
Package: pgffor 2020/01/08 v3.1.5b (3.1.5b)
 ("C:\Users\tas18\AppData\Local\Programs\MiKTeX 2.9\tex/generic/pgf/math\pgfmath.code.tex")
\pgffor@iter=\dimen264
\pgffor@skip=\dimen265
\pgffor@stack=\toks43
\pgffor@toks=\toks44
)) ("C:\Users\tas18\AppData\Local\Programs\MiKTeX 2.9\tex/generic/pgf/frontendlayer/tikz\tikz.code.tex"
Package: tikz 2020/01/08 v3.1.5b (3.1.5b)
 ("C:\Users\tas18\AppData\Local\Programs\MiKTeX 2.9\tex/generic/pgf/libraries\pgflibraryplothandlers.code.tex"
File: pgflibraryplothandlers.code.tex 2020/01/08 v3.1.5b (3.1.5b)
\pgf@plot@mark@count=\count314
\pgfplotmarksize=\dimen266
)
\tikz@lastx=\dimen267
\tikz@lasty=\dimen268
\tikz@lastxsaved=\dimen269
\tikz@lastysaved=\dimen270
\tikz@lastmovetox=\dimen271
\tikz@lastmovetoy=\dimen272
\tikzleveldistance=\dimen273
\tikzsiblingdistance=\dimen274
\tikz@figbox=\box55
\tikz@figbox@bg=\box56
\tikz@tempbox=\box57
\tikz@tempbox@bg=\box58
\tikztreelevel=\count315
\tikznumberofchildren=\count316
\tikznumberofcurrentchild=\count317
\tikz@fig@count=\count318
 ("C:\Users\tas18\AppData\Local\Programs\MiKTeX 2.9\tex/generic/pgf/modules\pgfmodulematrix.code.tex"
File: pgfmodulematrix.code.tex 2020/01/08 v3.1.5b (3.1.5b)
\pgfmatrixcurrentrow=\count319
\pgfmatrixcurrentcolumn=\count320
\pgf@matrix@numberofcolumns=\count321
)
\tikz@expandcount=\count322
 ("C:\Users\tas18\AppData\Local\Programs\MiKTeX 2.9\tex/generic/pgf/frontendlayer/tikz/libraries\tikzlibrarytopaths.code.tex"
File: tikzlibrarytopaths.code.tex 2020/01/08 v3.1.5b (3.1.5b)
))) ("C:\Users\tas18\AppData\Local\Programs\MiKTeX 2.9\tex/latex/float\float.sty"
Package: float 2001/11/08 v1.3d Float enhancements (AL)
\c@float@type=\count323
\float@exts=\toks45
\float@box=\box59
\@float@everytoks=\toks46
\@floatcapt=\box60
) ("C:\Users\tas18\AppData\Local\Programs\MiKTeX 2.9\tex/latex/listings\listings.sty"
\lst@mode=\count324
\lst@gtempboxa=\box61
\lst@token=\toks47
\lst@length=\count325
\lst@currlwidth=\dimen275
\lst@column=\count326
\lst@pos=\count327
\lst@lostspace=\dimen276
\lst@width=\dimen277
\lst@newlines=\count328
\lst@lineno=\count329
\lst@maxwidth=\dimen278
 ("C:\Users\tas18\AppData\Local\Programs\MiKTeX 2.9\tex/latex/listings\lstmisc.sty"
File: lstmisc.sty 2020/03/24 1.8d (Carsten Heinz)
\c@lstnumber=\count330
\lst@skipnumbers=\count331
\lst@framebox=\box62
) ("C:\Users\tas18\AppData\Local\Programs\MiKTeX 2.9\tex/latex/listings\listings.cfg"
File: listings.cfg 2020/03/24 1.8d listings configuration
))
Package: listings 2020/03/24 1.8d (Carsten Heinz)
 ("C:\Users\tas18\AppData\Local\Programs\MiKTeX 2.9\tex/generic/pgf/frontendlayer/tikz/libraries\tikzlibrarymatrix.code.tex"
File: tikzlibrarymatrix.code.tex 2020/01/08 v3.1.5b (3.1.5b)
) ("C:\Users\tas18\AppData\Local\Programs\MiKTeX 2.9\tex/latex/l3backend\l3backend-pdfmode.def"
File: l3backend-pdfmode.def 2020-03-12 L3 backend support: PDF mode
\l__kernel_color_stack_int=\count332
\l__pdf_internal_box=\box63
) ("d:/Habib\04.Sophomore-Spring2021\Probability\Probab_Project\Project_Final\hr05940-tm06183-ii06178-tex\Project Documentation.aux")
\openout1 = `"Project Documentation.aux"'.

LaTeX Font Info:    Checking defaults for OML/cmm/m/it on input line 64.
LaTeX Font Info:    ... okay on input line 64.
LaTeX Font Info:    Checking defaults for OMS/cmsy/m/n on input line 64.
LaTeX Font Info:    ... okay on input line 64.
LaTeX Font Info:    Checking defaults for OT1/cmr/m/n on input line 64.
LaTeX Font Info:    ... okay on input line 64.
LaTeX Font Info:    Checking defaults for T1/cmr/m/n on input line 64.
LaTeX Font Info:    ... okay on input line 64.
LaTeX Font Info:    Checking defaults for TS1/cmr/m/n on input line 64.
LaTeX Font Info:    ... okay on input line 64.
LaTeX Font Info:    Checking defaults for OMX/cmex/m/n on input line 64.
LaTeX Font Info:    ... okay on input line 64.
LaTeX Font Info:    Checking defaults for U/cmr/m/n on input line 64.
LaTeX Font Info:    ... okay on input line 64.
 ("C:\Users\tas18\AppData\Local\Programs\MiKTeX 2.9\tex/latex/ucs\ucsencs.def"
File: ucsencs.def 2011/01/21 Fixes to fontencodings LGR, T3
)
*geometry* driver: auto-detecting
*geometry* detected driver: pdftex
*geometry* verbose mode - [ preamble ] result:
* driver: pdftex
* paper: a4paper
* layout: <same size as paper>
* layoutoffset:(h,v)=(0.0pt,0.0pt)
* modes: 
* h-part:(L,W,R)=(56.9055pt, 483.69687pt, 56.9055pt)
* v-part:(T,H,B)=(56.9055pt, 731.23584pt, 56.9055pt)
* \paperwidth=597.50787pt
* \paperheight=845.04684pt
* \textwidth=483.69687pt
* \textheight=731.23584pt
* \oddsidemargin=-15.36449pt
* \evensidemargin=-15.36449pt
* \topmargin=-45.36449pt
* \headheight=15.0pt
* \headsep=15.0pt
* \topskip=10.0pt
* \footskip=29.0pt
* \marginparwidth=36.135pt
* \marginparsep=5.0pt
* \columnsep=10.0pt
* \skip\footins=9.0pt plus 4.0pt minus 2.0pt
* \hoffset=0.0pt
* \voffset=0.0pt
* \mag=1000
* \@twocolumnfalse
* \@twosidefalse
* \@mparswitchfalse
* \@reversemarginfalse
* (1in=72.27pt=25.4mm, 1cm=28.453pt)

Package caption Info: Begin \AtBeginDocument code.
Package caption Info: float package is loaded.
Package caption Info: listings package is loaded.
Package caption Info: End \AtBeginDocument code.
("C:\Users\tas18\AppData\Local\Programs\MiKTeX 2.9\tex/context/base/mkii\supp-pdf.mkii"
[Loading MPS to PDF converter (version 2006.09.02).]
\scratchcounter=\count333
\scratchdimen=\dimen279
\scratchbox=\box64
\nofMPsegments=\count334
\nofMParguments=\count335
\everyMPshowfont=\toks48
\MPscratchCnt=\count336
\MPscratchDim=\dimen280
\MPnumerator=\count337
\makeMPintoPDFobject=\count338
\everyMPtoPDFconversion=\toks49
) ("C:\Users\tas18\AppData\Local\Programs\MiKTeX 2.9\tex/latex/epstopdf-pkg\epstopdf-base.sty"
Package: epstopdf-base 2020-01-24 v2.11 Base part for package epstopdf
Package epstopdf-base Info: Redefining graphics rule for `.eps' on input line 485.
) ABD: EveryShipout initializing macros
\c@lstlisting=\count339
LaTeX Font Info:    Trying to load font information for U+msa on input line 65.
 ("C:\Users\tas18\AppData\Local\Programs\MiKTeX 2.9\tex/latex/amsfonts\umsa.fd"
File: umsa.fd 2013/01/14 v3.01 AMS symbols A
)
LaTeX Font Info:    Trying to load font information for U+msb on input line 65.
 ("C:\Users\tas18\AppData\Local\Programs\MiKTeX 2.9\tex/latex/amsfonts\umsb.fd"
File: umsb.fd 2013/01/14 v3.01 AMS symbols B
) ("C:\Users\tas18\AppData\Local\Programs\MiKTeX 2.9\tex/latex/listings\lstlang1.sty"
File: lstlang1.sty 2020/03/24 1.8d listings language file
)
LaTeX Font Info:    Trying to load font information for T1+cmtt on input line 78.
 ("C:\Users\tas18\AppData\Local\Programs\MiKTeX 2.9\tex/latex/base\t1cmtt.fd"
File: t1cmtt.fd 2019/12/16 v2.5j Standard LaTeX font definitions
) (d:/Habib\04.Sophomore-Spring2021\Probability\Probab_Project\Project_Final\hr05940-tm06183-ii06178-tex\codes/q1.py
consecutive:
) (d:/Habib\04.Sophomore-Spring2021\Probability\Probab_Project\Project_Final\hr05940-tm06183-ii06178-tex\codes/q1.py
consecutive:
)
Overfull \hbox (10.4916pt too wide) in paragraph at lines 33--80
[][][][] 
 []

[1

{C:/Users/tas18/AppData/Local/MiKTeX/2.9/pdftex/config/pdftex.map}]
<Q1/1.1/q1_n = 10_ p = 0.5.png, id=15, 722.7pt x 505.89pt>
File: Q1/1.1/q1_n = 10_ p = 0.5.png Graphic file (type png)
<use Q1/1.1/q1_n = 10_ p = 0.5.png>
Package pdftex.def Info: Q1/1.1/q1_n = 10_ p = 0.5.png  used on input line 83.
(pdftex.def)             Requested size: 361.3491pt x 252.94437pt.
<Q1/1.1/q1_n = 18_ p = 0.5.png, id=17, 722.7pt x 505.89pt>
File: Q1/1.1/q1_n = 18_ p = 0.5.png Graphic file (type png)
<use Q1/1.1/q1_n = 18_ p = 0.5.png>
Package pdftex.def Info: Q1/1.1/q1_n = 18_ p = 0.5.png  used on input line 85.
(pdftex.def)             Requested size: 361.3491pt x 252.94437pt.
<Q1/1.1/q1_n = 10_ p = 0.7.png, id=18, 722.7pt x 505.89pt>
File: Q1/1.1/q1_n = 10_ p = 0.7.png Graphic file (type png)
<use Q1/1.1/q1_n = 10_ p = 0.7.png>
Package pdftex.def Info: Q1/1.1/q1_n = 10_ p = 0.7.png  used on input line 87.
(pdftex.def)             Requested size: 361.3491pt x 252.94437pt.
 [2 <d:/Habib/04.Sophomore-Spring2021/Probability/Probab_Project/Project_Final/hr05940-tm06183-ii06178-tex/Q1/1.1/q1_n = 10_ p = 0.5.png> <d:/Habib/04.Sophomore-Spring2021/Probability/Probab_Project/Project_Final/hr05940-tm06183-ii06178-tex/Q1/1.1/q1_n = 18_ p = 0.5.png>] [3 <d:/Habib/04.Sophomore-Spring2021/Probability/Probab_Project/Project_Final/hr05940-tm06183-ii06178-tex/Q1/1.1/q1_n = 10_ p = 0.7.png>] (d:/Habib\04.Sophomore-Spring2021\Probability\Probab_Project\Project_Final\hr05940-tm06183-ii06178-tex\codes/q1.py
consecutive:

Overfull \hbox (46.1832pt too wide) in paragraph at lines 43--44
[][][][] 
 []

) (d:/Habib\04.Sophomore-Spring2021\Probability\Probab_Project\Project_Final\hr05940-tm06183-ii06178-tex\codes/q1.py
consecutive:

Overfull \hbox (10.4916pt too wide) in paragraph at lines 60--61
[][][][] 
 []

) [4]
<Q1/1.2/Q1.2 _n = 20_p = 0.5.png, id=33, 722.7pt x 505.89pt>
File: Q1/1.2/Q1.2 _n = 20_p = 0.5.png Graphic file (type png)
<use Q1/1.2/Q1.2 _n = 20_p = 0.5.png>
Package pdftex.def Info: Q1/1.2/Q1.2 _n = 20_p = 0.5.png  used on input line 98.
(pdftex.def)             Requested size: 361.3491pt x 252.94437pt.
<Q1/1.2/Q1.2 _n = 24_p = 0.5.png, id=34, 722.7pt x 505.89pt>
File: Q1/1.2/Q1.2 _n = 24_p = 0.5.png Graphic file (type png)
<use Q1/1.2/Q1.2 _n = 24_p = 0.5.png>
Package pdftex.def Info: Q1/1.2/Q1.2 _n = 24_p = 0.5.png  used on input line 100.
(pdftex.def)             Requested size: 361.3491pt x 252.94437pt.
<Q1/1.2/Q1.2 _n = 20_p = 0.7.png, id=35, 722.7pt x 505.89pt>
File: Q1/1.2/Q1.2 _n = 20_p = 0.7.png Graphic file (type png)
<use Q1/1.2/Q1.2 _n = 20_p = 0.7.png>
Package pdftex.def Info: Q1/1.2/Q1.2 _n = 20_p = 0.7.png  used on input line 102.
(pdftex.def)             Requested size: 361.3491pt x 252.94437pt.
<Q1/1.2/Q1.2 _n = 23_p = 0.7.png, id=36, 722.7pt x 505.89pt>
File: Q1/1.2/Q1.2 _n = 23_p = 0.7.png Graphic file (type png)
<use Q1/1.2/Q1.2 _n = 23_p = 0.7.png>
Package pdftex.def Info: Q1/1.2/Q1.2 _n = 23_p = 0.7.png  used on input line 104.
(pdftex.def)             Requested size: 361.3491pt x 252.94437pt.
 [5 <d:/Habib/04.Sophomore-Spring2021/Probability/Probab_Project/Project_Final/hr05940-tm06183-ii06178-tex/Q1/1.2/Q1.2 _n = 20_p = 0.5.png> <d:/Habib/04.Sophomore-Spring2021/Probability/Probab_Project/Project_Final/hr05940-tm06183-ii06178-tex/Q1/1.2/Q1.2 _n = 24_p = 0.5.png>] [6 <d:/Habib/04.Sophomore-Spring2021/Probability/Probab_Project/Project_Final/hr05940-tm06183-ii06178-tex/Q1/1.2/Q1.2 _n = 20_p = 0.7.png> <d:/Habib/04.Sophomore-Spring2021/Probability/Probab_Project/Project_Final/hr05940-tm06183-ii06178-tex/Q1/1.2/Q1.2 _n = 23_p = 0.7.png>] (d:/Habib\04.Sophomore-Spring2021\Probability\Probab_Project\Project_Final\hr05940-tm06183-ii06178-tex\codes/q1.py
consecutive:
) (d:/Habib\04.Sophomore-Spring2021\Probability\Probab_Project\Project_Final\hr05940-tm06183-ii06178-tex\codes/q1.py
consecutive:

Overfull \hbox (188.94962pt too wide) in paragraph at lines 98--99
[][][][] 
 []

) [7]
<Q2/bin5.png, id=51, 548.0475pt x 413.29407pt>
File: Q2/bin5.png Graphic file (type png)
<use Q2/bin5.png>
Package pdftex.def Info: Q2/bin5.png  used on input line 122.
(pdftex.def)             Requested size: 169.29684pt x 127.67207pt.
<Q2/bin20.png, id=52, 561.59813pt x 441.14813pt>
File: Q2/bin20.png Graphic file (type png)
<use Q2/bin20.png>
Package pdftex.def Info: Q2/bin20.png  used on input line 123.
(pdftex.def)             Requested size: 174.13116pt x 136.78143pt.
<Q2/bin100.png, id=53, 550.30594pt x 405.76593pt>
File: Q2/bin100.png Graphic file (type png)
<use Q2/bin100.png>
Package pdftex.def Info: Q2/bin100.png  used on input line 124.
(pdftex.def)             Requested size: 181.38632pt x 133.74219pt.
<Q2/bin1000.png, id=54, 514.92375pt x 402.75468pt>
File: Q2/bin1000.png Graphic file (type png)
<use Q2/bin1000.png>
Package pdftex.def Info: Q2/bin1000.png  used on input line 125.
(pdftex.def)             Requested size: 169.29684pt x 132.4178pt.
 [8 <d:/Habib/04.Sophomore-Spring2021/Probability/Probab_Project/Project_Final/hr05940-tm06183-ii06178-tex/Q2/bin5.png> <d:/Habib/04.Sophomore-Spring2021/Probability/Probab_Project/Project_Final/hr05940-tm06183-ii06178-tex/Q2/bin20.png> <d:/Habib/04.Sophomore-Spring2021/Probability/Probab_Project/Project_Final/hr05940-tm06183-ii06178-tex/Q2/bin100.png> <d:/Habib/04.Sophomore-Spring2021/Probability/Probab_Project/Project_Final/hr05940-tm06183-ii06178-tex/Q2/bin1000.png>] (d:/Habib\04.Sophomore-Spring2021\Probability\Probab_Project\Project_Final\hr05940-tm06183-ii06178-tex\codes/Q2.py
consecutive:
)
<Q2/beforeremoving.png, id=66, 423.984pt x 321.6015pt>
File: Q2/beforeremoving.png Graphic file (type png)
<use Q2/beforeremoving.png>
Package pdftex.def Info: Q2/beforeremoving.png  used on input line 153.
(pdftex.def)             Requested size: 193.47578pt x 146.75583pt.
<Q2/afterremoving.png, id=67, 443.85825pt x 333.6465pt>
File: Q2/afterremoving.png Graphic file (type png)
<use Q2/afterremoving.png>
Package pdftex.def Info: Q2/afterremoving.png  used on input line 157.
(pdftex.def)             Requested size: 193.47578pt x 145.43542pt.
<Q2/afterremoving2.png, id=68, 439.04025pt x 321.6015pt>
File: Q2/afterremoving2.png Graphic file (type png)
<use Q2/afterremoving2.png>
Package pdftex.def Info: Q2/afterremoving2.png  used on input line 158.
(pdftex.def)             Requested size: 193.47578pt x 141.72101pt.
 [9 <d:/Habib/04.Sophomore-Spring2021/Probability/Probab_Project/Project_Final/hr05940-tm06183-ii06178-tex/Q2/beforeremoving.png> <d:/Habib/04.Sophomore-Spring2021/Probability/Probab_Project/Project_Final/hr05940-tm06183-ii06178-tex/Q2/afterremoving.png> <d:/Habib/04.Sophomore-Spring2021/Probability/Probab_Project/Project_Final/hr05940-tm06183-ii06178-tex/Q2/afterremoving2.png>] (d:/Habib\04.Sophomore-Spring2021\Probability\Probab_Project\Project_Final\hr05940-tm06183-ii06178-tex\codes/Q2.py
consecutive:
)
<Q2/2.3.png, id=76, 439.6425pt x 330.63525pt>
File: Q2/2.3.png Graphic file (type png)
<use Q2/2.3.png>
Package pdftex.def Info: Q2/2.3.png  used on input line 180.
(pdftex.def)             Requested size: 193.47578pt x 145.50014pt.
 (d:/Habib\04.Sophomore-Spring2021\Probability\Probab_Project\Project_Final\hr05940-tm06183-ii06178-tex\codes/Q2.py
consecutive:
)
<Q2/expected value.png, id=77, 423.984pt x 322.20375pt>
File: Q2/expected value.png Graphic file (type png)
<use Q2/expected value.png>
Package pdftex.def Info: Q2/expected value.png  used on input line 190.
(pdftex.def)             Requested size: 193.47578pt x 147.03065pt.
 [10 <d:/Habib/04.Sophomore-Spring2021/Probability/Probab_Project/Project_Final/hr05940-tm06183-ii06178-tex/Q2/2.3.png>]
Underfull \hbox (badness 10000) in paragraph at lines 205--206

 []


Underfull \hbox (badness 10000) in paragraph at lines 211--212

 []

(d:/Habib\04.Sophomore-Spring2021\Probability\Probab_Project\Project_Final\hr05940-tm06183-ii06178-tex\codes/Q3(1).py [11 <d:/Habib/04.Sophomore-Spring2021/Probability/Probab_Project/Project_Final/hr05940-tm06183-ii06178-tex/Q2/expected value.png>])
<Q3/Q3(1).png, id=94, 462.528pt x 346.896pt>
File: Q3/Q3(1).png Graphic file (type png)
<use Q3/Q3(1).png>
Package pdftex.def Info: Q3/Q3(1).png  used on input line 223.
(pdftex.def)             Requested size: 323.76738pt x 242.82553pt.
 [12 <d:/Habib/04.Sophomore-Spring2021/Probability/Probab_Project/Project_Final/hr05940-tm06183-ii06178-tex/Q3/Q3(1).png>]
Underfull \hbox (badness 10000) in paragraph at lines 231--232

 []


Underfull \hbox (badness 10000) in paragraph at lines 233--234

 []

(d:/Habib\04.Sophomore-Spring2021\Probability\Probab_Project\Project_Final\hr05940-tm06183-ii06178-tex\codes/Q3(2).py)
<Q3/Q3(2).png, id=99, 462.528pt x 346.896pt>
File: Q3/Q3(2).png Graphic file (type png)
<use Q3/Q3(2).png>
Package pdftex.def Info: Q3/Q3(2).png  used on input line 243.
(pdftex.def)             Requested size: 323.76738pt x 242.82553pt.


LaTeX Warning: `h' float specifier changed to `ht'.

[13]
Underfull \hbox (badness 10000) in paragraph at lines 249--251

 []


Underfull \hbox (badness 10000) in paragraph at lines 267--268

 []

[14 <d:/Habib/04.Sophomore-Spring2021/Probability/Probab_Project/Project_Final/hr05940-tm06183-ii06178-tex/Q3/Q3(2).png>] (d:/Habib\04.Sophomore-Spring2021\Probability\Probab_Project\Project_Final\hr05940-tm06183-ii06178-tex\codes/Q3(3).py)
<Q3/Q3(3).png, id=108, 462.528pt x 346.896pt>
File: Q3/Q3(3).png Graphic file (type png)
<use Q3/Q3(3).png>
Package pdftex.def Info: Q3/Q3(3).png  used on input line 280.
(pdftex.def)             Requested size: 323.76738pt x 242.82553pt.


LaTeX Warning: `h' float specifier changed to `ht'.

[15] (d:/Habib\04.Sophomore-Spring2021\Probability\Probab_Project\Project_Final\hr05940-tm06183-ii06178-tex\codes/Q4.py
consecutive:

Overfull \hbox (0.29399pt too wide) in paragraph at lines 6--7
[][][][] 
 []

[16 <d:/Habib/04.Sophomore-Spring2021/Probability/Probab_Project/Project_Final/hr05940-tm06183-ii06178-tex/Q3/Q3(3).png>])
<Q4/Q4(1).png, id=116, 462.528pt x 346.896pt>
File: Q4/Q4(1).png Graphic file (type png)
<use Q4/Q4(1).png>
Package pdftex.def Info: Q4/Q4(1).png  used on input line 305.
(pdftex.def)             Requested size: 323.76738pt x 242.82553pt.
 [17 <d:/Habib/04.Sophomore-Spring2021/Probability/Probab_Project/Project_Final/hr05940-tm06183-ii06178-tex/Q4/Q4(1).png>]
<Q4/4.2_circle.png, id=121, 209.13132pt x 207.77625pt>
File: Q4/4.2_circle.png Graphic file (type png)
<use Q4/4.2_circle.png>
Package pdftex.def Info: Q4/4.2_circle.png  used on input line 313.
(pdftex.def)             Requested size: 146.3909pt x 145.44237pt.

Underfull \hbox (badness 10000) in paragraph at lines 320--322

 []


Underfull \hbox (badness 10000) in paragraph at lines 324--326

 []

(d:/Habib\04.Sophomore-Spring2021\Probability\Probab_Project\Project_Final\hr05940-tm06183-ii06178-tex\codes/Q4.py
consecutive:

Overfull \hbox (0.29399pt too wide) in paragraph at lines 36--37
[][][][] 
 []

[18 <d:/Habib/04.Sophomore-Spring2021/Probability/Probab_Project/Project_Final/hr05940-tm06183-ii06178-tex/Q4/4.2_circle.png>])
<Q4/Q4(2).png, id=126, 462.528pt x 346.896pt>
File: Q4/Q4(2).png Graphic file (type png)
<use Q4/Q4(2).png>
Package pdftex.def Info: Q4/Q4(2).png  used on input line 338.
(pdftex.def)             Requested size: 323.76738pt x 242.82553pt.
 [19 <d:/Habib/04.Sophomore-Spring2021/Probability/Probab_Project/Project_Final/hr05940-tm06183-ii06178-tex/Q4/Q4(2).png>] (d:/Habib\04.Sophomore-Spring2021\Probability\Probab_Project\Project_Final\hr05940-tm06183-ii06178-tex\codes/Q4.py
consecutive:

Overfull \hbox (0.29399pt too wide) in paragraph at lines 75--77
[][][][] 
 []

[20])
<Q4/Q4(3).png, id=135, 462.528pt x 346.896pt>
File: Q4/Q4(3).png Graphic file (type png)
<use Q4/Q4(3).png>
Package pdftex.def Info: Q4/Q4(3).png  used on input line 360.
(pdftex.def)             Requested size: 323.76738pt x 242.82553pt.
 [21 <d:/Habib/04.Sophomore-Spring2021/Probability/Probab_Project/Project_Final/hr05940-tm06183-ii06178-tex/Q4/Q4(3).png>] [22]
This exam contains 0 questions with 0 parts, 0 subparts, and 0 subsubparts.
("d:/Habib\04.Sophomore-Spring2021\Probability\Probab_Project\Project_Final\hr05940-tm06183-ii06178-tex\Project Documentation.aux") ) 
Here is how much of TeX's memory you used:
 18676 strings out of 480898
 348014 string characters out of 2898310
 941201 words of memory out of 3000000
 34167 multiletter control sequences out of 15000+200000
 550327 words of font info for 71 fonts, out of 3000000 for 9000
 1141 hyphenation exceptions out of 8191
 60i,11n,60p,727b,1813s stack positions out of 5000i,500n,10000p,200000b,50000s
{C:/Users/tas18/AppData/Local/Programs/MiKTeX 2.9/fonts/enc/dvips/cm-super/cm-super-ts1.enc}{C:/Users/tas18/AppData/Local/Programs/MiKTeX 2.9/fonts/enc/dvips/cm-super/cm-super-t1.enc}<C:/Users/tas18/AppData/Local/Programs/MiKTeX 2.9/fonts/type1/public/amsfonts/cm/cmex10.pfb><C:/Users/tas18/AppData/Local/Programs/MiKTeX 2.9/fonts/type1/public/amsfonts/cmextra/cmex9.pfb><C:/Users/tas18/AppData/Local/Programs/MiKTeX 2.9/fonts/type1/public/amsfonts/cm/cmmi10.pfb><C:/Users/tas18/AppData/Local/Programs/MiKTeX 2.9/fonts/type1/public/amsfonts/cm/cmmi6.pfb><C:/Users/tas18/AppData/Local/Programs/MiKTeX 2.9/fonts/type1/public/amsfonts/cm/cmmi7.pfb><C:/Users/tas18/AppData/Local/Programs/MiKTeX 2.9/fonts/type1/public/amsfonts/cm/cmmi9.pfb><C:/Users/tas18/AppData/Local/Programs/MiKTeX 2.9/fonts/type1/public/amsfonts/cm/cmr10.pfb><C:/Users/tas18/AppData/Local/Programs/MiKTeX 2.9/fonts/type1/public/amsfonts/cm/cmr5.pfb><C:/Users/tas18/AppData/Local/Programs/MiKTeX 2.9/fonts/type1/public/amsfonts/cm/cmr6.pfb><C:/Users/tas18/AppData/Local/Programs/MiKTeX 2.9/fonts/type1/public/amsfonts/cm/cmr7.pfb><C:/Users/tas18/AppData/Local/Programs/MiKTeX 2.9/fonts/type1/public/amsfonts/cm/cmr9.pfb><C:/Users/tas18/AppData/Local/Programs/MiKTeX 2.9/fonts/type1/public/amsfonts/cm/cmsy10.pfb><C:/Users/tas18/AppData/Local/Programs/MiKTeX 2.9/fonts/type1/public/amsfonts/cm/cmsy7.pfb><C:/Users/tas18/AppData/Local/Programs/MiKTeX 2.9/fonts/type1/public/amsfonts/cm/cmsy9.pfb><C:/Users/tas18/AppData/Local/Programs/MiKTeX 2.9/fonts/type1/public/amsfonts/symbols/msam10.pfb><C:/Users/tas18/AppData/Local/Programs/MiKTeX 2.9/fonts/type1/public/cm-super/sfbx0900.pfb><C:/Users/tas18/AppData/Local/Programs/MiKTeX 2.9/fonts/type1/public/cm-super/sfbx1200.pfb><C:/Users/tas18/AppData/Local/Programs/MiKTeX 2.9/fonts/type1/public/cm-super/sfbx1440.pfb><C:/Users/tas18/AppData/Local/Programs/MiKTeX 2.9/fonts/type1/public/cm-super/sfrm0500.pfb><C:/Users/tas18/AppData/Local/Programs/MiKTeX 2.9/fonts/type1/public/cm-super/sfrm0900.pfb><C:/Users/tas18/AppData/Local/Programs/MiKTeX 2.9/fonts/type1/public/cm-super/sfrm1000.pfb><C:/Users/tas18/AppData/Local/Programs/MiKTeX 2.9/fonts/type1/public/cm-super/sfrm1200.pfb><C:/Users/tas18/AppData/Local/Programs/MiKTeX 2.9/fonts/type1/public/cm-super/sfrm1728.pfb><C:/Users/tas18/AppData/Local/Programs/MiKTeX 2.9/fonts/type1/public/cm-super/sfti1000.pfb><C:/Users/tas18/AppData/Local/Programs/MiKTeX 2.9/fonts/type1/public/cm-super/sftt0800.pfb>
Output written on "d:/Habib\04.Sophomore-Spring2021\Probability\Probab_Project\Project_Final\hr05940-tm06183-ii06178-tex\Project Documentation.pdf" (22 pages, 859188 bytes).
PDF statistics:
 223 PDF objects out of 1000 (max. 8388607)
 0 named destinations out of 1000 (max. 500000)
 128 words of extra memory for PDF output out of 10000 (max. 10000000)

